ARTestingFrameworkCaseStudies/tf_android/gradleBuild/outputs/logs/manifest-merger-debug-report.txt
-- Merging decision tree log ---
manifest
ADDED from ARTestingFrameworkCaseStudies/tf_android/AndroidManifest.xml:18:1-74:12
MERGED from [org.tensorflow:tensorflow-android:1.12.0] AndroidManifest.xml:2:1-8:12
	package
		ADDED from ARTestingFrameworkCaseStudies/tf_android/AndroidManifest.xml:19:5-34
	xmlns:android
		ADDED from ARTestingFrameworkCaseStudies/tf_android/AndroidManifest.xml:18:11-69
uses-permission#android.permission.CAMERA
ADDED from ARTestingFrameworkCaseStudies/tf_android/AndroidManifest.xml:21:5-65
	android:name
		ADDED from ARTestingFrameworkCaseStudies/tf_android/AndroidManifest.xml:21:22-62
uses-feature#android.hardware.camera
ADDED from ARTestingFrameworkCaseStudies/tf_android/AndroidManifest.xml:22:5-60
	android:name
		ADDED from ARTestingFrameworkCaseStudies/tf_android/AndroidManifest.xml:22:19-57
uses-feature#android.hardware.camera.autofocus
ADDED from ARTestingFrameworkCaseStudies/tf_android/AndroidManifest.xml:23:5-70
	android:name
		ADDED from ARTestingFrameworkCaseStudies/tf_android/AndroidManifest.xml:23:19-67
uses-permission#android.permission.WRITE_EXTERNAL_STORAGE
ADDED from ARTestingFrameworkCaseStudies/tf_android/AndroidManifest.xml:24:5-80
	android:name
		ADDED from ARTestingFrameworkCaseStudies/tf_android/AndroidManifest.xml:24:22-78
uses-permission#android.permission.RECORD_AUDIO
ADDED from ARTestingFrameworkCaseStudies/tf_android/AndroidManifest.xml:25:5-71
	android:name
		ADDED from ARTestingFrameworkCaseStudies/tf_android/AndroidManifest.xml:25:22-68
application
ADDED from ARTestingFrameworkCaseStudies/tf_android/AndroidManifest.xml:27:5-72:19
MERGED from [org.tensorflow:tensorflow-android:1.12.0] AndroidManifest.xml:5:5-6:19
MERGED from [org.tensorflow:tensorflow-android:1.12.0] AndroidManifest.xml:5:5-6:19
	android:label
		ADDED from ARTestingFrameworkCaseStudies/tf_android/AndroidManifest.xml:29:9-41
	android:debuggable
		ADDED from ARTestingFrameworkCaseStudies/tf_android/AndroidManifest.xml:28:9-34
	android:icon
		ADDED from ARTestingFrameworkCaseStudies/tf_android/AndroidManifest.xml:30:9-45
	android:allowBackup
		ADDED from ARTestingFrameworkCaseStudies/tf_android/AndroidManifest.xml:27:18-44
	android:theme
		ADDED from ARTestingFrameworkCaseStudies/tf_android/AndroidManifest.xml:31:9-45
activity#org.tensorflow.demo.ClassifierActivity
ADDED from ARTestingFrameworkCaseStudies/tf_android/AndroidManifest.xml:33:9-41:20
	android:screenOrientation
		ADDED from ARTestingFrameworkCaseStudies/tf_android/AndroidManifest.xml:34:19-55
	android:label
		ADDED from ARTestingFrameworkCaseStudies/tf_android/AndroidManifest.xml:35:19-71
	android:name
		ADDED from ARTestingFrameworkCaseStudies/tf_android/AndroidManifest.xml:33:19-72
intent-filter#action:name:android.intent.action.MAIN+category:name:android.intent.category.LAUNCHER+category:name:android.intent.category.LEANBACK_LAUNCHER
ADDED from ARTestingFrameworkCaseStudies/tf_android/AndroidManifest.xml:36:13-40:29
action#android.intent.action.MAIN
ADDED from ARTestingFrameworkCaseStudies/tf_android/AndroidManifest.xml:37:17-69
	android:name
		ADDED from ARTestingFrameworkCaseStudies/tf_android/AndroidManifest.xml:37:25-66
category#android.intent.category.LAUNCHER
ADDED from ARTestingFrameworkCaseStudies/tf_android/AndroidManifest.xml:38:17-77
	android:name
		ADDED from ARTestingFrameworkCaseStudies/tf_android/AndroidManifest.xml:38:27-74
category#android.intent.category.LEANBACK_LAUNCHER
ADDED from ARTestingFrameworkCaseStudies/tf_android/AndroidManifest.xml:39:17-86
	android:name
		ADDED from ARTestingFrameworkCaseStudies/tf_android/AndroidManifest.xml:39:27-83
activity#org.tensorflow.demo.DetectorActivity
ADDED from ARTestingFrameworkCaseStudies/tf_android/AndroidManifest.xml:43:9-51:20
	android:screenOrientation
		ADDED from ARTestingFrameworkCaseStudies/tf_android/AndroidManifest.xml:44:19-55
	android:label
		ADDED from ARTestingFrameworkCaseStudies/tf_android/AndroidManifest.xml:45:19-66
	android:name
		ADDED from ARTestingFrameworkCaseStudies/tf_android/AndroidManifest.xml:43:19-70
activity#org.tensorflow.demo.StylizeActivity
ADDED from ARTestingFrameworkCaseStudies/tf_android/AndroidManifest.xml:53:9-61:20
	android:screenOrientation
		ADDED from ARTestingFrameworkCaseStudies/tf_android/AndroidManifest.xml:54:19-55
	android:label
		ADDED from ARTestingFrameworkCaseStudies/tf_android/AndroidManifest.xml:55:19-64
	android:name
		ADDED from ARTestingFrameworkCaseStudies/tf_android/AndroidManifest.xml:53:19-69
activity#org.tensorflow.demo.SpeechActivity
ADDED from ARTestingFrameworkCaseStudies/tf_android/AndroidManifest.xml:63:9-71:20
	android:screenOrientation
		ADDED from ARTestingFrameworkCaseStudies/tf_android/AndroidManifest.xml:64:13-49
	android:label
		ADDED from ARTestingFrameworkCaseStudies/tf_android/AndroidManifest.xml:65:13-57
	android:name
		ADDED from ARTestingFrameworkCaseStudies/tf_android/AndroidManifest.xml:63:19-68